<?xml version="1.0" encoding="UTF-8"?>
<!-- Generated by org.testng.reporters.JUnitReportReporter -->
<testsuite hostname="DESKTOP-V006KQA" failures="0" tests="1" name="com.eproject.testCases.TC_LoginTest_001" time="17.931" errors="0" timestamp="2022-09-02T00:55:54 IST" skipped="0">
  <testcase classname="com.eproject.testCases.TC_LoginTest_001" name="loginTest" time="17.931"/>
  <system-out/>
</testsuite> <!-- com.eproject.testCases.TC_LoginTest_001 -->
